[INFO] Scanning for projects...
[INFO] 
[INFO] --------------------< com.county:companion-backend >--------------------
[INFO] Building companion-backend 0.0.1-SNAPSHOT
[INFO] --------------------------------[ jar ]---------------------------------
[INFO] 
[INFO] >>> spring-boot-maven-plugin:3.3.2:run (default-cli) > test-compile @ companion-backend >>>
[INFO] 
[INFO] --- maven-resources-plugin:3.3.1:resources (default-resources) @ companion-backend ---
[INFO] Copying 1 resource from src\main\resources to target\classes
[INFO] Copying 3 resources from src\main\resources to target\classes
[INFO] 
[INFO] --- maven-compiler-plugin:3.13.0:compile (default-compile) @ companion-backend ---
[INFO] Nothing to compile - all classes are up to date.
[INFO] 
[INFO] --- maven-resources-plugin:3.3.1:testResources (default-testResources) @ companion-backend ---
[INFO] skip non existing resourceDirectory G:\github\workspace\county-hospital-companion-system\backend\src\test\resources
[INFO] 
[INFO] --- maven-compiler-plugin:3.13.0:testCompile (default-testCompile) @ companion-backend ---
[INFO] No sources to compile
[INFO] 
[INFO] <<< spring-boot-maven-plugin:3.3.2:run (default-cli) < test-compile @ companion-backend <<<
[INFO] 
[INFO] 
[INFO] --- spring-boot-maven-plugin:3.3.2:run (default-cli) @ companion-backend ---
[INFO] Attaching agents: []

  .   ____          _            __ _ _
 /\\ / ___'_ __ _ _(_)_ __  __ _ \ \ \ \
( ( )\___ | '_ | '_| | '_ \/ _` | \ \ \ \
 \\/  ___)| |_)| | | | | || (_| |  ) ) ) )
  '  |____| .__|_| |_|_| |_\__, | / / / /
 =========|_|==============|___/=/_/_/_/

 :: Spring Boot ::                (v3.3.2)

2026-03-06T15:06:00.560+08:00  INFO 33824 --- [county-companion-backend] [           main] c.county.companion.CompanionApplication  : Starting CompanionApplication using Java 21.0.8 with PID 33824 (G:\github\workspace\county-hospital-companion-system\backend\target\classes started by Yuan in G:\github\workspace\county-hospital-companion-system\backend)
2026-03-06T15:06:00.562+08:00  INFO 33824 --- [county-companion-backend] [           main] c.county.companion.CompanionApplication  : No active profile set, falling back to 1 default profile: "default"
2026-03-06T15:06:01.262+08:00  INFO 33824 --- [county-companion-backend] [           main] .s.d.r.c.RepositoryConfigurationDelegate : Multiple Spring Data modules found, entering strict repository configuration mode
2026-03-06T15:06:01.264+08:00  INFO 33824 --- [county-companion-backend] [           main] .s.d.r.c.RepositoryConfigurationDelegate : Bootstrapping Spring Data Redis repositories in DEFAULT mode.
2026-03-06T15:06:01.289+08:00  INFO 33824 --- [county-companion-backend] [           main] .s.d.r.c.RepositoryConfigurationDelegate : Finished Spring Data repository scanning in 9 ms. Found 0 Redis repository interfaces.
2026-03-06T15:06:01.934+08:00  INFO 33824 --- [county-companion-backend] [           main] o.s.b.w.embedded.tomcat.TomcatWebServer  : Tomcat initialized with port 8080 (http)
2026-03-06T15:06:01.947+08:00  INFO 33824 --- [county-companion-backend] [           main] o.apache.catalina.core.StandardService   : Starting service [Tomcat]
2026-03-06T15:06:01.948+08:00  INFO 33824 --- [county-companion-backend] [           main] o.apache.catalina.core.StandardEngine    : Starting Servlet engine: [Apache Tomcat/10.1.26]
2026-03-06T15:06:02.012+08:00  INFO 33824 --- [county-companion-backend] [           main] o.a.c.c.C.[Tomcat].[localhost].[/]       : Initializing Spring embedded WebApplicationContext
2026-03-06T15:06:02.014+08:00  INFO 33824 --- [county-companion-backend] [           main] w.s.c.ServletWebServerApplicationContext : Root WebApplicationContext: initialization completed in 1409 ms
 _ _   |_  _ _|_. ___ _ |    _ 
| | |\/|_)(_| | |_\  |_)||_|_\ 
     /               |         
                        3.5.7 
2026-03-06T15:06:02.433+08:00  WARN 33824 --- [county-companion-backend] [           main] .s.s.UserDetailsServiceAutoConfiguration : 

Using generated security password: 8f4528e5-fb50-49df-83ec-8ddc77d2dec8

This generated password is for development use only. Your security configuration must be updated before running your application in production.

2026-03-06T15:06:02.457+08:00  INFO 33824 --- [county-companion-backend] [           main] r$InitializeUserDetailsManagerConfigurer : Global AuthenticationManager configured with UserDetailsService bean with name inMemoryUserDetailsManager
2026-03-06T15:06:02.533+08:00  INFO 33824 --- [county-companion-backend] [           main] o.s.b.a.w.s.WelcomePageHandlerMapping    : Adding welcome page: class path resource [static/index.html]
2026-03-06T15:06:03.214+08:00  INFO 33824 --- [county-companion-backend] [           main] o.s.b.w.embedded.tomcat.TomcatWebServer  : Tomcat started on port 8080 (http) with context path '/'
2026-03-06T15:06:03.221+08:00  INFO 33824 --- [county-companion-backend] [           main] c.county.companion.CompanionApplication  : Started CompanionApplication in 3.073 seconds (process running for 3.438)
2026-03-06T15:10:04.315+08:00  INFO 33824 --- [county-companion-backend] [nio-8080-exec-1] o.a.c.c.C.[Tomcat].[localhost].[/]       : Initializing Spring DispatcherServlet 'dispatcherServlet'
2026-03-06T15:10:04.316+08:00  INFO 33824 --- [county-companion-backend] [nio-8080-exec-1] o.s.web.servlet.DispatcherServlet        : Initializing Servlet 'dispatcherServlet'
2026-03-06T15:10:04.317+08:00  INFO 33824 --- [county-companion-backend] [nio-8080-exec-1] o.s.web.servlet.DispatcherServlet        : Completed initialization in 1 ms
2026-03-06T15:10:04.442+08:00  INFO 33824 --- [county-companion-backend] [nio-8080-exec-1] com.zaxxer.hikari.HikariDataSource       : HikariPool-1 - Starting...
2026-03-06T15:10:04.597+08:00  INFO 33824 --- [county-companion-backend] [nio-8080-exec-1] com.zaxxer.hikari.pool.HikariPool        : HikariPool-1 - Added connection com.mysql.cj.jdbc.ConnectionImpl@78b693d6
2026-03-06T15:10:04.599+08:00  INFO 33824 --- [county-companion-backend] [nio-8080-exec-1] com.zaxxer.hikari.HikariDataSource       : HikariPool-1 - Start completed.
